<?xml version="1.0" encoding="UTF-8"?>
<testng-results total="3" passed="3" failed="0" skipped="0">
  <reporter-output>
  </reporter-output>
  <suite started-at="2024-08-22T12:09:23Z" name="Test Suite for Buildout" finished-at="2024-08-22T12:10:01Z" duration-ms="37491">
    <groups>
    </groups>
    <test started-at="2024-08-22T12:09:23Z" name="Test Cases for Buildout" finished-at="2024-08-22T12:10:01Z" duration-ms="37491">
      <class name="demo.TestCases">
        <test-method is-config="true" signature="startBrowser()[pri:0, instance:demo.TestCases@aafcffa]" started-at="2024-08-22T17:39:23Z" name="startBrowser" finished-at="2024-08-22T17:39:26Z" duration-ms="2223" status="PASS">
          <reporter-output>
          </reporter-output>
        </test-method> <!-- startBrowser -->
        <test-method signature="testCase01()[pri:0, instance:demo.TestCases@aafcffa]" started-at="2024-08-22T17:39:26Z" name="testCase01" finished-at="2024-08-22T17:39:47Z" duration-ms="21268" status="PASS">
          <reporter-output>
          </reporter-output>
        </test-method> <!-- testCase01 -->
        <test-method signature="testCase02()[pri:0, instance:demo.TestCases@aafcffa]" started-at="2024-08-22T17:39:47Z" name="testCase02" finished-at="2024-08-22T17:39:54Z" duration-ms="6700" status="PASS">
          <reporter-output>
          </reporter-output>
        </test-method> <!-- testCase02 -->
        <test-method signature="testCase03()[pri:0, instance:demo.TestCases@aafcffa]" started-at="2024-08-22T17:39:54Z" name="testCase03" finished-at="2024-08-22T17:40:00Z" duration-ms="6510" status="PASS">
          <reporter-output>
          </reporter-output>
        </test-method> <!-- testCase03 -->
        <test-method is-config="true" signature="endTest()[pri:0, instance:demo.TestCases@aafcffa]" started-at="2024-08-22T17:40:00Z" name="endTest" finished-at="2024-08-22T17:40:01Z" duration-ms="770" status="PASS">
          <reporter-output>
          </reporter-output>
        </test-method> <!-- endTest -->
      </class> <!-- demo.TestCases -->
    </test> <!-- Test Cases for Buildout -->
  </suite> <!-- Test Suite for Buildout -->
</testng-results>
